[2025-04-29 01:42:35][INFO] ::: Running 'VANILLA' algorithm :::
[2025-04-29 01:42:35][INFO] Running on GPU
[2025-04-29 01:42:35][INFO] ::: nu=0.007 :::
[2025-04-29 01:42:35][INFO] ::: n_collacation=5000
[2025-04-29 01:42:35][INFO] ::: n_epochs1=15000
[2025-04-29 01:42:35][INFO] ::: learning rate=0.001
[2025-04-29 01:42:36][INFO] ::: First training phase...
[2025-04-29 01:42:37][INFO] **************************************************
[2025-04-29 01:42:37][INFO] >>> Iteration             : 0 [+0]
[2025-04-29 01:42:37][INFO] >>> Elapsed Time          : 0.00 [+0.00] seconds
[2025-04-29 01:42:37][INFO] >>> METRICS:
[2025-04-29 01:42:37][INFO]   > Train Loss            : 1.3204237421553426
[2025-04-29 01:42:37][INFO]   > Validation Loss       : 1.3389812597949458
[2025-04-29 01:42:37][INFO]   > L2 Error              : 0.6073968129090797
[2025-04-29 01:42:37][INFO]   > Mean Absolute Error   : 0.3061320265195778
[2025-04-29 01:42:37][INFO]   > Max Absolute Error    : 0.9490021633472839
[2025-04-29 01:42:37][INFO]   > Mean Residual         : 1.0331150056009415
[2025-04-29 01:42:37][INFO]   > Max Residual          : 1.8054216911565977
[2025-04-29 01:42:37][INFO] **************************************************
[2025-04-29 01:42:48][INFO] **************************************************
[2025-04-29 01:42:48][INFO] >>> Iteration             : 1000 [+1000]
[2025-04-29 01:42:48][INFO] >>> Elapsed Time          : 11.00 [+11.00] seconds
[2025-04-29 01:42:48][INFO] >>> METRICS:
[2025-04-29 01:42:48][INFO]   > Train Loss            : 0.23410081001493302
[2025-04-29 01:42:48][INFO]   > Validation Loss       : 0.23872983939010786
[2025-04-29 01:42:48][INFO]   > L2 Error              : 0.32147060635253655
[2025-04-29 01:42:48][INFO]   > Mean Absolute Error   : 0.10309591108007225
[2025-04-29 01:42:48][INFO]   > Max Absolute Error    : 1.1856978504433928
[2025-04-29 01:42:48][INFO]   > Mean Residual         : 0.3112063045382003
[2025-04-29 01:42:48][INFO]   > Max Residual          : 2.6491400413677484
[2025-04-29 01:42:48][INFO] **************************************************
[2025-04-29 01:42:59][INFO] **************************************************
[2025-04-29 01:42:59][INFO] >>> Iteration             : 2000 [+1000]
[2025-04-29 01:42:59][INFO] >>> Elapsed Time          : 21.80 [+10.80] seconds
[2025-04-29 01:42:59][INFO] >>> METRICS:
[2025-04-29 01:42:59][INFO]   > Train Loss            : 0.06857582536826175
[2025-04-29 01:42:59][INFO]   > Validation Loss       : 0.07156330582966357
[2025-04-29 01:42:59][INFO]   > L2 Error              : 0.1400824214829183
[2025-04-29 01:42:59][INFO]   > Mean Absolute Error   : 0.04512199334374453
[2025-04-29 01:42:59][INFO]   > Max Absolute Error    : 1.1830740333265806
[2025-04-29 01:42:59][INFO]   > Mean Residual         : 0.15600302457642265
[2025-04-29 01:42:59][INFO]   > Max Residual          : 4.238020820947116
[2025-04-29 01:42:59][INFO] **************************************************
[2025-04-29 01:43:10][INFO] **************************************************
[2025-04-29 01:43:10][INFO] >>> Iteration             : 3000 [+1000]
[2025-04-29 01:43:10][INFO] >>> Elapsed Time          : 32.50 [+10.70] seconds
[2025-04-29 01:43:10][INFO] >>> METRICS:
[2025-04-29 01:43:10][INFO]   > Train Loss            : 0.03511919563269682
[2025-04-29 01:43:10][INFO]   > Validation Loss       : 0.04241707279243801
[2025-04-29 01:43:10][INFO]   > L2 Error              : 0.10249096219537653
[2025-04-29 01:43:10][INFO]   > Mean Absolute Error   : 0.02775144975512771
[2025-04-29 01:43:10][INFO]   > Max Absolute Error    : 1.2026463632579656
[2025-04-29 01:43:10][INFO]   > Mean Residual         : 0.10449378588708158
[2025-04-29 01:43:10][INFO]   > Max Residual          : 3.374862407477025
[2025-04-29 01:43:10][INFO] **************************************************
[2025-04-29 01:43:20][INFO] **************************************************
[2025-04-29 01:43:20][INFO] >>> Iteration             : 4000 [+1000]
[2025-04-29 01:43:20][INFO] >>> Elapsed Time          : 43.08 [+10.59] seconds
[2025-04-29 01:43:20][INFO] >>> METRICS:
[2025-04-29 01:43:20][INFO]   > Train Loss            : 0.015722344789449737
[2025-04-29 01:43:20][INFO]   > Validation Loss       : 0.040225038333409686
[2025-04-29 01:43:20][INFO]   > L2 Error              : 0.06274764719832597
[2025-04-29 01:43:20][INFO]   > Mean Absolute Error   : 0.015250242641433778
[2025-04-29 01:43:20][INFO]   > Max Absolute Error    : 0.9469317603771932
[2025-04-29 01:43:20][INFO]   > Mean Residual         : 0.07143210473681379
[2025-04-29 01:43:20][INFO]   > Max Residual          : 2.0652074175007513
[2025-04-29 01:43:20][INFO] **************************************************
[2025-04-29 01:43:32][INFO] **************************************************
[2025-04-29 01:43:32][INFO] >>> Iteration             : 5000 [+1000]
[2025-04-29 01:43:32][INFO] >>> Elapsed Time          : 54.33 [+11.25] seconds
[2025-04-29 01:43:32][INFO] >>> METRICS:
[2025-04-29 01:43:32][INFO]   > Train Loss            : 0.007352185013610617
[2025-04-29 01:43:32][INFO]   > Validation Loss       : 0.025097495871410216
[2025-04-29 01:43:32][INFO]   > L2 Error              : 0.0410021781949385
[2025-04-29 01:43:32][INFO]   > Mean Absolute Error   : 0.010660961611609909
[2025-04-29 01:43:32][INFO]   > Max Absolute Error    : 0.7099807589283617
[2025-04-29 01:43:32][INFO]   > Mean Residual         : 0.05121438112435059
[2025-04-29 01:43:32][INFO]   > Max Residual          : 2.787904050589013
[2025-04-29 01:43:32][INFO] **************************************************
[2025-04-29 01:43:43][INFO] **************************************************
[2025-04-29 01:43:43][INFO] >>> Iteration             : 6000 [+1000]
[2025-04-29 01:43:43][INFO] >>> Elapsed Time          : 65.29 [+10.95] seconds
[2025-04-29 01:43:43][INFO] >>> METRICS:
[2025-04-29 01:43:43][INFO]   > Train Loss            : 0.004501277767128696
[2025-04-29 01:43:43][INFO]   > Validation Loss       : 0.010097393757188294
[2025-04-29 01:43:43][INFO]   > L2 Error              : 0.03325759714128576
[2025-04-29 01:43:43][INFO]   > Mean Absolute Error   : 0.00853117342029384
[2025-04-29 01:43:43][INFO]   > Max Absolute Error    : 0.5759240321929586
[2025-04-29 01:43:43][INFO]   > Mean Residual         : 0.041168721678277856
[2025-04-29 01:43:43][INFO]   > Max Residual          : 3.81362242977098
[2025-04-29 01:43:43][INFO] **************************************************
[2025-04-29 01:43:53][INFO] **************************************************
[2025-04-29 01:43:53][INFO] >>> Iteration             : 7000 [+1000]
[2025-04-29 01:43:53][INFO] >>> Elapsed Time          : 76.02 [+10.74] seconds
[2025-04-29 01:43:53][INFO] >>> METRICS:
[2025-04-29 01:43:53][INFO]   > Train Loss            : 0.002871181075926546
[2025-04-29 01:43:53][INFO]   > Validation Loss       : 0.005697483798731693
[2025-04-29 01:43:53][INFO]   > L2 Error              : 0.03273707274499723
[2025-04-29 01:43:53][INFO]   > Mean Absolute Error   : 0.00695042311487311
[2025-04-29 01:43:53][INFO]   > Max Absolute Error    : 0.47489286618319126
[2025-04-29 01:43:53][INFO]   > Mean Residual         : 0.034186084721299026
[2025-04-29 01:43:53][INFO]   > Max Residual          : 3.3192473870879553
[2025-04-29 01:43:53][INFO] **************************************************
[2025-04-29 01:44:04][INFO] **************************************************
[2025-04-29 01:44:04][INFO] >>> Iteration             : 8000 [+1000]
[2025-04-29 01:44:04][INFO] >>> Elapsed Time          : 87.06 [+11.04] seconds
[2025-04-29 01:44:04][INFO] >>> METRICS:
[2025-04-29 01:44:04][INFO]   > Train Loss            : 0.0038063459619181476
[2025-04-29 01:44:04][INFO]   > Validation Loss       : 0.0321610520505729
[2025-04-29 01:44:04][INFO]   > L2 Error              : 0.03543841923885355
[2025-04-29 01:44:04][INFO]   > Mean Absolute Error   : 0.006313984281267126
[2025-04-29 01:44:04][INFO]   > Max Absolute Error    : 0.6480725094019475
[2025-04-29 01:44:04][INFO]   > Mean Residual         : 0.03261168410054585
[2025-04-29 01:44:04][INFO]   > Max Residual          : 4.323192809320798
[2025-04-29 01:44:04][INFO] **************************************************
[2025-04-29 01:44:15][INFO] **************************************************
[2025-04-29 01:44:15][INFO] >>> Iteration             : 9000 [+1000]
[2025-04-29 01:44:15][INFO] >>> Elapsed Time          : 97.97 [+10.91] seconds
[2025-04-29 01:44:15][INFO] >>> METRICS:
[2025-04-29 01:44:15][INFO]   > Train Loss            : 0.0017022369260187205
[2025-04-29 01:44:15][INFO]   > Validation Loss       : 0.029469799094266478
[2025-04-29 01:44:15][INFO]   > L2 Error              : 0.03442871701261173
[2025-04-29 01:44:15][INFO]   > Mean Absolute Error   : 0.004887103348113098
[2025-04-29 01:44:15][INFO]   > Max Absolute Error    : 0.700436860484462
[2025-04-29 01:44:15][INFO]   > Mean Residual         : 0.026472264720633694
[2025-04-29 01:44:15][INFO]   > Max Residual          : 4.324394401421859
[2025-04-29 01:44:15][INFO] **************************************************
[2025-04-29 01:44:26][INFO] **************************************************
[2025-04-29 01:44:26][INFO] >>> Iteration             : 10000 [+1000]
[2025-04-29 01:44:26][INFO] >>> Elapsed Time          : 108.65 [+10.68] seconds
[2025-04-29 01:44:26][INFO] >>> METRICS:
[2025-04-29 01:44:26][INFO]   > Train Loss            : 0.0011342507629731949
[2025-04-29 01:44:26][INFO]   > Validation Loss       : 0.026931562203042703
[2025-04-29 01:44:26][INFO]   > L2 Error              : 0.03588317998557719
[2025-04-29 01:44:26][INFO]   > Mean Absolute Error   : 0.004282714150231137
[2025-04-29 01:44:26][INFO]   > Max Absolute Error    : 0.7481543852295629
[2025-04-29 01:44:26][INFO]   > Mean Residual         : 0.023304579908102946
[2025-04-29 01:44:26][INFO]   > Max Residual          : 4.498288123649569
[2025-04-29 01:44:26][INFO] **************************************************
[2025-04-29 01:44:37][INFO] **************************************************
[2025-04-29 01:44:37][INFO] >>> Iteration             : 11000 [+1000]
[2025-04-29 01:44:37][INFO] >>> Elapsed Time          : 119.57 [+10.92] seconds
[2025-04-29 01:44:37][INFO] >>> METRICS:
[2025-04-29 01:44:37][INFO]   > Train Loss            : 0.0006909327112623688
[2025-04-29 01:44:37][INFO]   > Validation Loss       : 0.020688016412043382
[2025-04-29 01:44:37][INFO]   > L2 Error              : 0.037539615903041966
[2025-04-29 01:44:37][INFO]   > Mean Absolute Error   : 0.0038577180314672
[2025-04-29 01:44:37][INFO]   > Max Absolute Error    : 0.7960743231251907
[2025-04-29 01:44:37][INFO]   > Mean Residual         : 0.02097556506371044
[2025-04-29 01:44:37][INFO]   > Max Residual          : 4.072439763093893
[2025-04-29 01:44:37][INFO] **************************************************
[2025-04-29 01:44:48][INFO] **************************************************
[2025-04-29 01:44:48][INFO] >>> Iteration             : 12000 [+1000]
[2025-04-29 01:44:48][INFO] >>> Elapsed Time          : 130.20 [+10.63] seconds
[2025-04-29 01:44:48][INFO] >>> METRICS:
[2025-04-29 01:44:48][INFO]   > Train Loss            : 0.003530289628933471
[2025-04-29 01:44:48][INFO]   > Validation Loss       : 0.046239848543916814
[2025-04-29 01:44:48][INFO]   > L2 Error              : 0.040715769342687474
[2025-04-29 01:44:48][INFO]   > Mean Absolute Error   : 0.0048573059534262825
[2025-04-29 01:44:48][INFO]   > Max Absolute Error    : 0.8435359142449916
[2025-04-29 01:44:48][INFO]   > Mean Residual         : 0.02762164479872984
[2025-04-29 01:44:48][INFO]   > Max Residual          : 6.144801538882941
[2025-04-29 01:44:48][INFO] **************************************************
[2025-04-29 01:44:58][INFO] **************************************************
[2025-04-29 01:44:58][INFO] >>> Iteration             : 13000 [+1000]
[2025-04-29 01:44:58][INFO] >>> Elapsed Time          : 140.87 [+10.66] seconds
[2025-04-29 01:44:58][INFO] >>> METRICS:
[2025-04-29 01:44:58][INFO]   > Train Loss            : 0.0004961440895704428
[2025-04-29 01:44:58][INFO]   > Validation Loss       : 0.02268794616727404
[2025-04-29 01:44:58][INFO]   > L2 Error              : 0.041233716680316626
[2025-04-29 01:44:58][INFO]   > Mean Absolute Error   : 0.003624732735478001
[2025-04-29 01:44:58][INFO]   > Max Absolute Error    : 0.8763256220819775
[2025-04-29 01:44:58][INFO]   > Mean Residual         : 0.019141651768065315
[2025-04-29 01:44:58][INFO]   > Max Residual          : 4.736876871770651
[2025-04-29 01:44:58][INFO] **************************************************
[2025-04-29 01:45:09][INFO] **************************************************
[2025-04-29 01:45:09][INFO] >>> Iteration             : 14000 [+1000]
[2025-04-29 01:45:09][INFO] >>> Elapsed Time          : 151.97 [+11.10] seconds
[2025-04-29 01:45:09][INFO] >>> METRICS:
[2025-04-29 01:45:09][INFO]   > Train Loss            : 0.00045058284137201903
[2025-04-29 01:45:09][INFO]   > Validation Loss       : 0.024275272829671114
[2025-04-29 01:45:09][INFO]   > L2 Error              : 0.04228639819850151
[2025-04-29 01:45:09][INFO]   > Mean Absolute Error   : 0.0037299341869436995
[2025-04-29 01:45:09][INFO]   > Max Absolute Error    : 0.8969128110068065
[2025-04-29 01:45:09][INFO]   > Mean Residual         : 0.0188246640177853
[2025-04-29 01:45:09][INFO]   > Max Residual          : 5.184715811572637
[2025-04-29 01:45:09][INFO] **************************************************
[2025-04-29 01:45:21][INFO] **************************************************
[2025-04-29 01:45:21][INFO] >>> Iteration             : 15000 [+1000]
[2025-04-29 01:45:21][INFO] >>> Elapsed Time          : 163.03 [+11.07] seconds
[2025-04-29 01:45:21][INFO] >>> METRICS:
[2025-04-29 01:45:21][INFO]   > Train Loss            : 0.0004032621678552959
[2025-04-29 01:45:21][INFO]   > Validation Loss       : 0.021214108991064937
[2025-04-29 01:45:21][INFO]   > L2 Error              : 0.04290936619232338
[2025-04-29 01:45:21][INFO]   > Mean Absolute Error   : 0.003692216093651047
[2025-04-29 01:45:21][INFO]   > Max Absolute Error    : 0.9099200619784646
[2025-04-29 01:45:21][INFO]   > Mean Residual         : 0.018056279173228853
[2025-04-29 01:45:21][INFO]   > Max Residual          : 5.093350335416442
[2025-04-29 01:45:21][INFO] **************************************************
[2025-04-29 01:45:21][INFO] ::: Continue with L-BFGS training phase...
[2025-04-29 01:45:48][INFO] **************************************************
[2025-04-29 01:45:48][INFO] >>> Iteration             : 16000 [+1000]
[2025-04-29 01:45:48][INFO] >>> Elapsed Time          : 201.20 [+38.16] seconds
[2025-04-29 01:45:48][INFO] >>> METRICS:
[2025-04-29 01:45:48][INFO]   > Train Loss            : 6.927801058545621e-05
[2025-04-29 01:45:48][INFO]   > Validation Loss       : 0.03636924402664525
[2025-04-29 01:45:48][INFO]   > L2 Error              : 0.03475663387179112
[2025-04-29 01:45:48][INFO]   > Mean Absolute Error   : 0.0019323977261679402
[2025-04-29 01:45:48][INFO]   > Max Absolute Error    : 0.7423041746949383
[2025-04-29 01:45:48][INFO]   > Mean Residual         : 0.01306533389666813
[2025-04-29 01:45:48][INFO]   > Max Residual          : 4.566534377480144
[2025-04-29 01:45:48][INFO] **************************************************
[2025-04-29 01:46:15][INFO] **************************************************
[2025-04-29 01:46:15][INFO] >>> Iteration             : 17000 [+1000]
[2025-04-29 01:46:15][INFO] >>> Elapsed Time          : 267.06 [+65.86] seconds
[2025-04-29 01:46:15][INFO] >>> METRICS:
[2025-04-29 01:46:15][INFO]   > Train Loss            : 2.2892632540857035e-05
[2025-04-29 01:46:15][INFO]   > Validation Loss       : 0.038618617461145706
[2025-04-29 01:46:15][INFO]   > L2 Error              : 0.035310149161752194
[2025-04-29 01:46:15][INFO]   > Mean Absolute Error   : 0.0016658851907522738
[2025-04-29 01:46:15][INFO]   > Max Absolute Error    : 0.7031234358148408
[2025-04-29 01:46:15][INFO]   > Mean Residual         : 0.010411962896312126
[2025-04-29 01:46:15][INFO]   > Max Residual          : 4.200575204593704
[2025-04-29 01:46:15][INFO] **************************************************
[2025-04-29 01:46:44][INFO] **************************************************
[2025-04-29 01:46:44][INFO] >>> Iteration             : 18000 [+1000]
[2025-04-29 01:46:44][INFO] >>> Elapsed Time          : 361.94 [+94.88] seconds
[2025-04-29 01:46:44][INFO] >>> METRICS:
[2025-04-29 01:46:44][INFO]   > Train Loss            : 1.1090806773467442e-05
[2025-04-29 01:46:44][INFO]   > Validation Loss       : 0.034816842637557535
[2025-04-29 01:46:44][INFO]   > L2 Error              : 0.03642190929772507
[2025-04-29 01:46:44][INFO]   > Mean Absolute Error   : 0.0016361411450520297
[2025-04-29 01:46:44][INFO]   > Max Absolute Error    : 0.7190890893621048
[2025-04-29 01:46:44][INFO]   > Mean Residual         : 0.008630428441833364
[2025-04-29 01:46:44][INFO]   > Max Residual          : 3.9213984511739053
[2025-04-29 01:46:44][INFO] **************************************************
[2025-04-29 01:47:12][INFO] **************************************************
[2025-04-29 01:47:12][INFO] >>> Iteration             : 19000 [+1000]
[2025-04-29 01:47:12][INFO] >>> Elapsed Time          : 484.64 [+122.70] seconds
[2025-04-29 01:47:12][INFO] >>> METRICS:
[2025-04-29 01:47:12][INFO]   > Train Loss            : 6.3099977236034255e-06
[2025-04-29 01:47:12][INFO]   > Validation Loss       : 0.03430615252849808
[2025-04-29 01:47:12][INFO]   > L2 Error              : 0.03737577213592987
[2025-04-29 01:47:12][INFO]   > Mean Absolute Error   : 0.001634966348379536
[2025-04-29 01:47:12][INFO]   > Max Absolute Error    : 0.7208403824817042
[2025-04-29 01:47:12][INFO]   > Mean Residual         : 0.007569868837446788
[2025-04-29 01:47:12][INFO]   > Max Residual          : 3.8069362910625246
[2025-04-29 01:47:12][INFO] **************************************************
[2025-04-29 01:47:41][INFO] **************************************************
[2025-04-29 01:47:41][INFO] >>> Iteration             : 20000 [+1000]
[2025-04-29 01:47:41][INFO] >>> Elapsed Time          : 635.75 [+151.11] seconds
[2025-04-29 01:47:41][INFO] >>> METRICS:
[2025-04-29 01:47:41][INFO]   > Train Loss            : 4.39303323705256e-06
[2025-04-29 01:47:41][INFO]   > Validation Loss       : 0.03403081051052656
[2025-04-29 01:47:41][INFO]   > L2 Error              : 0.03713467851188489
[2025-04-29 01:47:41][INFO]   > Mean Absolute Error   : 0.0016050812290859728
[2025-04-29 01:47:41][INFO]   > Max Absolute Error    : 0.7197478382069011
[2025-04-29 01:47:41][INFO]   > Mean Residual         : 0.007191140111879486
[2025-04-29 01:47:41][INFO]   > Max Residual          : 3.874549715052259
[2025-04-29 01:47:41][INFO] **************************************************
[2025-04-29 01:47:41][INFO] Saving results...
